#
# There is insufficient memory for the Java Runtime Environment to continue.
# Native memory allocation (mmap) failed to map 268435456 bytes for Failed to commit area from 0x0000000700200000 to 0x0000000710200000 of length 268435456.
# Possible reasons:
#   The system is out of physical RAM or swap space
#   The process is running with CompressedOops enabled, and the Java Heap may be blocking the growth of the native heap
# Possible solutions:
#   Reduce memory load on the system
#   Increase physical memory or swap space
#   Check if swap backing store is full
#   Decrease Java heap size (-Xmx/-Xms)
#   Decrease number of Java threads
#   Decrease Java thread stack sizes (-Xss)
#   Set larger code cache with -XX:ReservedCodeCacheSize=
# This output file may be truncated or incomplete.
#
#  Out of Memory Error (./src/hotspot/os/windows/os_windows.cpp:3301), pid=19536, tid=1944
#
# JRE version:  (11.0.10+9) (build )
# Java VM: Dynamic Code Evolution 64-Bit Server VM (11.0.10+9-b1341.41, mixed mode, sharing, tiered, compressed oops, g1 gc, windows-amd64)
# No core dump will be written. Minidumps are not enabled by default on client versions of Windows
#

---------------  S U M M A R Y ------------

Command Line: org.jetbrains.git4idea.http.GitAskPassApp Username for 'https://github.com': 

Host: Intel(R) Core(TM) i7 CPU         950  @ 3.07GHz, 8 cores, 15G,  Windows 10 , 64 bit Build 19041 (10.0.19041.928)
Time: Sat May 29 14:40:27 2021 Central Daylight Time elapsed time: 0.011990 seconds (0d 0h 0m 0s)

---------------  T H R E A D  ---------------

Current thread (0x000002325bdcf000):  JavaThread "Unknown thread" [_thread_in_vm, id=1944, stack(0x000000793e700000,0x000000793e800000)]

Stack: [0x000000793e700000,0x000000793e800000]
Native frames: (J=compiled Java code, j=interpreted, Vv=VM code, C=native code)
V  [jvm.dll+0x5f84fa]
V  [jvm.dll+0x77e085]
V  [jvm.dll+0x77f5dd]
V  [jvm.dll+0x77fc93]
V  [jvm.dll+0x2457e8]
V  [jvm.dll+0x5f58f4]
V  [jvm.dll+0x5ea975]
V  [jvm.dll+0x30228b]
V  [jvm.dll+0x3021fa]
V  [jvm.dll+0x3020d2]
V  [jvm.dll+0x306fb6]
V  [jvm.dll+0x34f843]
V  [jvm.dll+0x34ff46]
V  [jvm.dll+0x34f943]
V  [jvm.dll+0x2dbcb8]
V  [jvm.dll+0x2dce57]
V  [jvm.dll+0x75c4d7]
V  [jvm.dll+0x75dd6c]
V  [jvm.dll+0x35cdb9]
V  [jvm.dll+0x73fc9e]
V  [jvm.dll+0x3c5663]
V  [jvm.dll+0x3c7a21]
C  [jli.dll+0x5373]
C  [ucrtbase.dll+0x21bb2]
C  [KERNEL32.DLL+0x17034]
C  [ntdll.dll+0x52651]


---------------  P R O C E S S  ---------------

Threads class SMR info:
_java_thread_list=0x0000023259c93360, length=0, elements={
}

Java Threads: ( => current thread )

Other Threads:
  0x000002325bde6800 GCTaskThread "GC Thread#0" [stack: 0x000000793e800000,0x000000793e900000] [id=17288]
  0x000002325be45000 ConcurrentGCThread "G1 Main Marker" [stack: 0x000000793e900000,0x000000793ea00000] [id=22732]
  0x000002325be47800 ConcurrentGCThread "G1 Conc#0" [stack: 0x000000793ea00000,0x000000793eb00000] [id=2200]

[error occurred during error reporting (printing all threads), id 0xc0000005, EXCEPTION_ACCESS_VIOLATION (0xc0000005) at pc=0x00007ffe8895c437]

VM state:not at safepoint (not fully initialized)

VM Mutex/Monitor currently owned by a thread:  ([mutex/lock_event])
[0x000002325bdcc140] Heap_lock - owner thread: 0x000002325bdcf000

Heap address: 0x0000000700200000, size: 4094 MB, Compressed Oops mode: Non-zero based: 0x0000000700200000
Narrow klass base: 0x0000000000000000, Narrow klass shift: 0

GC Heap History (0 events):
No events

Deoptimization events (0 events):
No events

Classes redefined (0 events):
No events

Internal exceptions (0 events):
No events

Events (1 events):
Event: 0.007 Loaded shared library C:\Users\Home\AppData\Local\JetBrains\Toolbox\apps\IDEA-U\ch-0\211.7142.45\jbr\bin\zip.dll


Dynamic libraries:
0x00007ff662c00000 - 0x00007ff662c0a000 	C:\Users\Home\AppData\Local\JetBrains\Toolbox\apps\IDEA-U\ch-0\211.7142.45\jbr\bin\java.exe
0x00007ffeba170000 - 0x00007ffeba365000 	C:\WINDOWS\SYSTEM32\ntdll.dll
0x00007ffeb92c0000 - 0x00007ffeb937d000 	C:\WINDOWS\System32\KERNEL32.DLL
0x00007ffeb78b0000 - 0x00007ffeb7b78000 	C:\WINDOWS\System32\KERNELBASE.dll
0x00007ffeb7b80000 - 0x00007ffeb7c80000 	C:\WINDOWS\System32\ucrtbase.dll
0x00007ffea2740000 - 0x00007ffea2759000 	C:\Users\Home\AppData\Local\JetBrains\Toolbox\apps\IDEA-U\ch-0\211.7142.45\jbr\bin\jli.dll
0x00007ffea2720000 - 0x00007ffea2737000 	C:\Users\Home\AppData\Local\JetBrains\Toolbox\apps\IDEA-U\ch-0\211.7142.45\jbr\bin\VCRUNTIME140.dll
0x00007ffeb8bf0000 - 0x00007ffeb8d90000 	C:\WINDOWS\System32\USER32.dll
0x00007ffeb7cb0000 - 0x00007ffeb7cd2000 	C:\WINDOWS\System32\win32u.dll
0x00007ffea9e00000 - 0x00007ffeaa09a000 	C:\WINDOWS\WinSxS\amd64_microsoft.windows.common-controls_6595b64144ccf1df_6.0.19041.844_none_ca00b6081b84eb1d\COMCTL32.dll
0x00007ffeb8790000 - 0x00007ffeb87ba000 	C:\WINDOWS\System32\GDI32.dll
0x00007ffeb9f00000 - 0x00007ffeb9f9e000 	C:\WINDOWS\System32\msvcrt.dll
0x00007ffeb8070000 - 0x00007ffeb817b000 	C:\WINDOWS\System32\gdi32full.dll
0x00007ffeb7f20000 - 0x00007ffeb7fbd000 	C:\WINDOWS\System32\msvcp_win.dll
0x00007ffeba050000 - 0x00007ffeba080000 	C:\WINDOWS\System32\IMM32.DLL
0x00007ffe9de60000 - 0x00007ffe9defd000 	C:\Users\Home\AppData\Local\JetBrains\Toolbox\apps\IDEA-U\ch-0\211.7142.45\jbr\bin\msvcp140.dll
0x00007ffe88670000 - 0x00007ffe891bf000 	C:\Users\Home\AppData\Local\JetBrains\Toolbox\apps\IDEA-U\ch-0\211.7142.45\jbr\bin\server\jvm.dll
0x00007ffeb8d90000 - 0x00007ffeb8e3c000 	C:\WINDOWS\System32\ADVAPI32.dll
0x00007ffeb94d0000 - 0x00007ffeb956b000 	C:\WINDOWS\System32\sechost.dll
0x00007ffeb8440000 - 0x00007ffeb856b000 	C:\WINDOWS\System32\RPCRT4.dll
0x00007ffeb8e40000 - 0x00007ffeb8e48000 	C:\WINDOWS\System32\PSAPI.DLL
0x00007ffeadb40000 - 0x00007ffeadb49000 	C:\WINDOWS\SYSTEM32\WSOCK32.dll
0x00007ffeadc40000 - 0x00007ffeadc67000 	C:\WINDOWS\SYSTEM32\WINMM.dll
0x00007ffeaeec0000 - 0x00007ffeaeeca000 	C:\WINDOWS\SYSTEM32\VERSION.dll
0x00007ffeb9460000 - 0x00007ffeb94cb000 	C:\WINDOWS\System32\WS2_32.dll
0x00007ffeb5820000 - 0x00007ffeb5832000 	C:\WINDOWS\SYSTEM32\kernel.appcore.dll
0x00007ffeb3330000 - 0x00007ffeb3341000 	C:\Users\Home\AppData\Local\JetBrains\Toolbox\apps\IDEA-U\ch-0\211.7142.45\jbr\bin\verify.dll
0x00007ffeb21d0000 - 0x00007ffeb23b4000 	C:\WINDOWS\SYSTEM32\DBGHELP.DLL
0x00007ffeb20a0000 - 0x00007ffeb20cc000 	C:\WINDOWS\SYSTEM32\dbgcore.DLL
0x00007ffeb7ce0000 - 0x00007ffeb7d60000 	C:\WINDOWS\System32\bcryptPrimitives.dll
0x00007ffeb3270000 - 0x00007ffeb3299000 	C:\Users\Home\AppData\Local\JetBrains\Toolbox\apps\IDEA-U\ch-0\211.7142.45\jbr\bin\java.dll
0x00007ffeb3320000 - 0x00007ffeb332b000 	C:\Users\Home\AppData\Local\JetBrains\Toolbox\apps\IDEA-U\ch-0\211.7142.45\jbr\bin\jimage.dll
0x00007ffeb32e0000 - 0x00007ffeb32f8000 	C:\Users\Home\AppData\Local\JetBrains\Toolbox\apps\IDEA-U\ch-0\211.7142.45\jbr\bin\zip.dll

dbghelp: loaded successfully - version: 4.0.5 - missing functions: none
symbol engine: initialized successfully - sym options: 0x614 - pdb path: .;C:\Users\Home\AppData\Local\JetBrains\Toolbox\apps\IDEA-U\ch-0\211.7142.45\jbr\bin;C:\WINDOWS\SYSTEM32;C:\WINDOWS\WinSxS\amd64_microsoft.windows.common-controls_6595b64144ccf1df_6.0.19041.844_none_ca00b6081b84eb1d;C:\Users\Home\AppData\Local\JetBrains\Toolbox\apps\IDEA-U\ch-0\211.7142.45\jbr\bin\server

VM Arguments:
java_command: org.jetbrains.git4idea.http.GitAskPassApp Username for 'https://github.com': 
java_class_path (initial): C:/Users/Home/AppData/Local/JetBrains/Toolbox/apps/IDEA-U/ch-0/211.7142.45/plugins/git4idea/lib/git4idea-rt.jar;C:/Users/Home/AppData/Local/JetBrains/Toolbox/apps/IDEA-U/ch-0/211.7142.45/lib/xmlrpc-2.0.1.jar;C:/Users/Home/AppData/Local/JetBrains/Toolbox/apps/IDEA-U/ch-0/211.7142.45/lib/commons-codec-1.15.jar
Launcher Type: SUN_STANDARD

[Global flags]
     intx CICompilerCount                          = 4                                         {product} {ergonomic}
     uint ConcGCThreads                            = 2                                         {product} {ergonomic}
     uint G1ConcRefinementThreads                  = 8                                         {product} {ergonomic}
   size_t G1HeapRegionSize                         = 1048576                                   {product} {ergonomic}
    uintx GCDrainStackTargetSize                   = 64                                        {product} {ergonomic}
   size_t InitialHeapSize                          = 268435456                                 {product} {ergonomic}
   size_t MarkStackSize                            = 4194304                                   {product} {ergonomic}
   size_t MaxHeapSize                              = 4292870144                                {product} {ergonomic}
   size_t MinHeapDeltaBytes                        = 1048576                                   {product} {ergonomic}
    uintx NonNMethodCodeHeapSize                   = 5836300                                {pd product} {ergonomic}
    uintx NonProfiledCodeHeapSize                  = 122910970                              {pd product} {ergonomic}
    uintx ProfiledCodeHeapSize                     = 122910970                              {pd product} {ergonomic}
    uintx ReservedCodeCacheSize                    = 251658240                              {pd product} {ergonomic}
     bool SegmentedCodeCache                       = true                                      {product} {ergonomic}
     bool UseCompressedClassPointers               = true                                 {lp64_product} {ergonomic}
     bool UseCompressedOops                        = true                                 {lp64_product} {ergonomic}
     bool UseG1GC                                  = true                                      {product} {ergonomic}
     bool UseLargePagesIndividualAllocation        = false                                  {pd product} {ergonomic}

Logging:
Log output configuration:
 #0: stdout all=warning uptime,level,tags
 #1: stderr all=off uptime,level,tags

Environment Variables:
PATH=C:/Program Files (x86)/Git/mingw32/libexec/git-core;C:/Program Files (x86)/Git/mingw32/libexec/git-core;C:\Program Files (x86)\Git\mingw32\bin;C:\Program Files (x86)\Git\usr\bin;C:\Users\Home\bin;C:\Program Files (x86)\Common Files\Oracle\Java\javapath;C:\Program Files\Common Files\Microsoft Shared\Windows Live;C:\Program Files (x86)\Common Files\Microsoft Shared\Windows Live;C:\ProgramData\Oracle\Java\javapath;C:\Windows\system32;C:\Windows;C:\Windows\System32\Wbem;C:\Windows\System32\WindowsPowerShell\v1.0\;C:\Program Files (x86)\Windows Live\Shared;C:\Program Files (x86)\NVIDIA Corporation\PhysX\Common;C:\WINDOWS\system32;C:\WINDOWS;C:\WINDOWS\System32\Wbem;C:\WINDOWS\System32\WindowsPowerShell\v1.0\;C:\Program Files (x86)\Skype\Phone\;C:\WINDOWS\System32\OpenSSH\;C:\Program Files (x86)\Git\cmd;C:\Users\Home\AppData\Local\Microsoft\WindowsApps;C:\Users\Home\AppData\Local\GitHubDesktop\bin
USERNAME=Home
DISPLAY=:0.0
LC_ALL=en_US.UTF-8
OS=Windows_NT
PROCESSOR_IDENTIFIER=Intel64 Family 6 Model 26 Stepping 5, GenuineIntel



---------------  S Y S T E M  ---------------

OS: Windows 10 , 64 bit Build 19041 (10.0.19041.928)
OS uptime: 17 days 1:43 hours

CPU:total 8 (initial active 8) (4 cores per cpu, 2 threads per core) family 6 model 26 stepping 5 microcode 0x1d, cmov, cx8, fxsr, mmx, sse, sse2, sse3, ssse3, sse4.1, sse4.2, popcnt, ht, tsc, tscinvbit, tscinv

Memory: 4k page, system-wide physical 16375M (6465M free)
TotalPageFile size 17375M (AvailPageFile size 158M)
current process WorkingSet (physical memory assigned to process): 10M, peak: 10M
current process commit charge ("private bytes"): 60M, peak: 316M

vm_info: Dynamic Code Evolution 64-Bit Server VM (11.0.10+9-b1341.41) for windows-amd64 JRE (11.0.10+9-b1341.41), built on Apr 17 2021 07:18:15 by "" with MS VC++ 14.0 (VS2015)

END.
