#
# There is insufficient memory for the Java Runtime Environment to continue.
# Native memory allocation (mmap) failed to map 352256 bytes for card table expansion
# Possible reasons:
#   The system is out of physical RAM or swap space
#   The process is running with CompressedOops enabled, and the Java Heap may be blocking the growth of the native heap
# Possible solutions:
#   Reduce memory load on the system
#   Increase physical memory or swap space
#   Check if swap backing store is full
#   Decrease Java heap size (-Xmx/-Xms)
#   Decrease number of Java threads
#   Decrease Java thread stack sizes (-Xss)
#   Set larger code cache with -XX:ReservedCodeCacheSize=
# This output file may be truncated or incomplete.
#
#  Out of Memory Error (os_windows.cpp:3377), pid=15616, tid=0x00000000000036d8
#
# JRE version:  (8.0_231-b11) (build )
# Java VM: Java HotSpot(TM) 64-Bit Server VM (25.231-b11 mixed mode windows-amd64 compressed oops)
# Failed to write core dump. Minidumps are not enabled by default on client versions of Windows
#

---------------  T H R E A D  ---------------

Current thread (0x00000000024e3000):  JavaThread "Unknown thread" [_thread_in_vm, id=14040, stack(0x00000000022e0000,0x00000000023e0000)]

Stack: [0x00000000022e0000,0x00000000023e0000]
[error occurred during error reporting (printing stack bounds), id 0xc0000005]

Native frames: (J=compiled Java code, j=interpreted, Vv=VM code, C=native code)


---------------  P R O C E S S  ---------------

Java Threads: ( => current thread )

Other Threads:

=>0x00000000024e3000 (exited) JavaThread "Unknown thread" [_thread_in_vm, id=14040, stack(0x00000000022e0000,0x00000000023e0000)]

VM state:not at safepoint (not fully initialized)

VM Mutex/Monitor currently owned by a thread: None

heap address: 0x00000006c0200000, size: 4094 MB, Compressed Oops mode: Non-zero based:0x00000006c01ff000, Oop shift amount: 3
Narrow klass base: 0x0000000000000000, Narrow klass shift: 0

GC Heap History (0 events):
No events

Deoptimization events (0 events):
No events

Classes redefined (0 events):
No events

Internal exceptions (0 events):
No events

Events (0 events):
No events


Dynamic libraries:
0x00007ff601be0000 - 0x00007ff601c17000 	C:\Program Files\Java\jdk1.8.0_231\bin\java.exe
0x00007ffeba170000 - 0x00007ffeba365000 	C:\WINDOWS\SYSTEM32\ntdll.dll
0x00007ffeb92c0000 - 0x00007ffeb937d000 	C:\WINDOWS\System32\KERNEL32.DLL
0x00007ffeb78b0000 - 0x00007ffeb7b78000 	C:\WINDOWS\System32\KERNELBASE.dll
0x00007ffeb8d90000 - 0x00007ffeb8e3c000 	C:\WINDOWS\System32\ADVAPI32.dll
0x00007ffeb9f00000 - 0x00007ffeb9f9e000 	C:\WINDOWS\System32\msvcrt.dll
0x00007ffeb94d0000 - 0x00007ffeb956b000 	C:\WINDOWS\System32\sechost.dll
0x00007ffeb8440000 - 0x00007ffeb856b000 	C:\WINDOWS\System32\RPCRT4.dll
0x00007ffeb8bf0000 - 0x00007ffeb8d90000 	C:\WINDOWS\System32\USER32.dll
0x00007ffeb7cb0000 - 0x00007ffeb7cd2000 	C:\WINDOWS\System32\win32u.dll
0x00007ffeb8790000 - 0x00007ffeb87ba000 	C:\WINDOWS\System32\GDI32.dll
0x00007ffeb8070000 - 0x00007ffeb817b000 	C:\WINDOWS\System32\gdi32full.dll
0x00007ffeb7f20000 - 0x00007ffeb7fbd000 	C:\WINDOWS\System32\msvcp_win.dll
0x00007ffeb7b80000 - 0x00007ffeb7c80000 	C:\WINDOWS\System32\ucrtbase.dll
0x00007ffea9e00000 - 0x00007ffeaa09a000 	C:\WINDOWS\WinSxS\amd64_microsoft.windows.common-controls_6595b64144ccf1df_6.0.19041.844_none_ca00b6081b84eb1d\COMCTL32.dll
0x00007ffeba050000 - 0x00007ffeba080000 	C:\WINDOWS\System32\IMM32.DLL
0x0000000071a10000 - 0x0000000071ae2000 	C:\Program Files\Java\jdk1.8.0_231\jre\bin\msvcr100.dll
0x000000006f570000 - 0x000000006fe16000 	C:\Program Files\Java\jdk1.8.0_231\jre\bin\server\jvm.dll
0x00007ffeb8e40000 - 0x00007ffeb8e48000 	C:\WINDOWS\System32\PSAPI.DLL
0x00007ffeadc40000 - 0x00007ffeadc67000 	C:\WINDOWS\SYSTEM32\WINMM.dll
0x00007ffeadb40000 - 0x00007ffeadb49000 	C:\WINDOWS\SYSTEM32\WSOCK32.dll
0x00007ffeaeec0000 - 0x00007ffeaeeca000 	C:\WINDOWS\SYSTEM32\VERSION.dll
0x00007ffeb9460000 - 0x00007ffeb94cb000 	C:\WINDOWS\System32\WS2_32.dll
0x00007ffeb3260000 - 0x00007ffeb326f000 	C:\Program Files\Java\jdk1.8.0_231\jre\bin\verify.dll
0x00007ffea7390000 - 0x00007ffea73b9000 	C:\Program Files\Java\jdk1.8.0_231\jre\bin\java.dll
0x00007ffea7160000 - 0x00007ffea7183000 	C:\Program Files\Java\jdk1.8.0_231\jre\bin\instrument.dll
0x00007ffeae300000 - 0x00007ffeae316000 	C:\Program Files\Java\jdk1.8.0_231\jre\bin\zip.dll

VM Arguments:
jvm_args: -javaagent:C:\Users\Home\AppData\Local\JetBrains\Toolbox\apps\IDEA-U\ch-0\211.7142.45\lib\idea_rt.jar=58318:C:\Users\Home\AppData\Local\JetBrains\Toolbox\apps\IDEA-U\ch-0\211.7142.45\bin -Dfile.encoding=UTF-8 
java_command: day48_constructors_static.CybertekGroups
java_class_path (initial): C:\Program Files\Java\jdk1.8.0_231\jre\lib\charsets.jar;C:\Program Files\Java\jdk1.8.0_231\jre\lib\deploy.jar;C:\Program Files\Java\jdk1.8.0_231\jre\lib\ext\access-bridge-64.jar;C:\Program Files\Java\jdk1.8.0_231\jre\lib\ext\cldrdata.jar;C:\Program Files\Java\jdk1.8.0_231\jre\lib\ext\dnsns.jar;C:\Program Files\Java\jdk1.8.0_231\jre\lib\ext\jaccess.jar;C:\Program Files\Java\jdk1.8.0_231\jre\lib\ext\jfxrt.jar;C:\Program Files\Java\jdk1.8.0_231\jre\lib\ext\localedata.jar;C:\Program Files\Java\jdk1.8.0_231\jre\lib\ext\nashorn.jar;C:\Program Files\Java\jdk1.8.0_231\jre\lib\ext\sunec.jar;C:\Program Files\Java\jdk1.8.0_231\jre\lib\ext\sunjce_provider.jar;C:\Program Files\Java\jdk1.8.0_231\jre\lib\ext\sunmscapi.jar;C:\Program Files\Java\jdk1.8.0_231\jre\lib\ext\sunpkcs11.jar;C:\Program Files\Java\jdk1.8.0_231\jre\lib\ext\zipfs.jar;C:\Program Files\Java\jdk1.8.0_231\jre\lib\javaws.jar;C:\Program Files\Java\jdk1.8.0_231\jre\lib\jce.jar;C:\Program Files\Java\jdk1.8.0_231\jre\lib\jfr.jar;C:\Program Files\Java\jdk1.8.0_231\jre\lib\jfxswt.jar;C:\Program Files\Java\jdk1.8.0_231\jre\lib\jsse.jar;C:\Program Files\Java\jdk1.8.0_231\jre\lib\management-agent.jar;C:\Program Files\Java\jdk1.8.0_231\jre\lib\plugin.jar;C:\Program Files\Java\jdk1.8.0_231\jre\lib\resources.jar;C:\Program Files\Java\jdk1.8.0_231\jre\lib\rt.jar;C:\Users\Home\IdeaProjects\java-programming\out\production\java-programming;C:\Users\Home\AppData\Local\JetBrains\Toolbox\apps\IDEA-U\ch-0\211.7142.45\lib\idea_rt.jar
Launcher Type: SUN_STANDARD

Environment Variables:
PATH=C:\Program Files (x86)\Common Files\Oracle\Java\javapath;C:\Program Files\Common Files\Microsoft Shared\Windows Live;C:\Program Files (x86)\Common Files\Microsoft Shared\Windows Live;C:\ProgramData\Oracle\Java\javapath;C:\Windows\system32;C:\Windows;C:\Windows\System32\Wbem;C:\Windows\System32\WindowsPowerShell\v1.0\;C:\Program Files (x86)\Windows Live\Shared;C:\Program Files (x86)\NVIDIA Corporation\PhysX\Common;C:\WINDOWS\system32;C:\WINDOWS;C:\WINDOWS\System32\Wbem;C:\WINDOWS\System32\WindowsPowerShell\v1.0\;C:\Program Files (x86)\Skype\Phone\;C:\WINDOWS\System32\OpenSSH\;C:\Program Files (x86)\Git\cmd;C:\Users\Home\AppData\Local\Microsoft\WindowsApps;C:\Users\Home\AppData\Local\GitHubDesktop\bin
USERNAME=Home
OS=Windows_NT
PROCESSOR_IDENTIFIER=Intel64 Family 6 Model 26 Stepping 5, GenuineIntel



---------------  S Y S T E M  ---------------

OS: Windows 10.0 , 64 bit Build 19041 (10.0.19041.928)

CPU:total 8 (initial active 8) (4 cores per cpu, 2 threads per core) family 6 model 26 stepping 5, cmov, cx8, fxsr, mmx, sse, sse2, sse3, ssse3, sse4.1, sse4.2, popcnt, ht, tsc, tscinvbit, tscinv

Memory: 4k page, physical 16768116k(6897444k free), swap 17792116k(5304k free)

vm_info: Java HotSpot(TM) 64-Bit Server VM (25.231-b11) for windows-amd64 JRE (1.8.0_231-b11), built on Oct  5 2019 03:11:30 by "java_re" with MS VC++ 10.0 (VS2010)

time: Sat May 29 14:04:44 2021
timezone: Central Daylight Time
elapsed time: 0 seconds (0d 0h 0m 0s)

